make --dry-run --always-make --keep-going --print-directory
make: Entering directory `/Volumes/compiled/SE-2/bathroom_fan/bathroomfan'
/Volumes/compiled/HAN/5.15.0/clang_64/bin/qmake -o Makefile bathroomfan.pro -spec macx-clang CONFIG+=debug CONFIG+=x86_64 CONFIG+=qml_debug
 
make: Leaving directory `/Volumes/compiled/SE-2/bathroom_fan/bathroomfan'
 
make: Entering directory `/Volumes/compiled/SE-2/bathroom_fan/bathroomfan'
/Library/Developer/CommandLineTools/usr/bin/clang++ -c -pipe -stdlib=libc++ -g -std=gnu++11  -arch x86_64 -isysroot /Library/Developer/CommandLineTools/SDKs/MacOSX.sdk -mmacosx-version-min=10.13 -Wall -Wextra -fPIC -DQT_QML_DEBUG -I. -I../3rdparty -I../../../HAN/5.15.0/clang_64/mkspecs/macx-clang -o calcbehaviour.o calcbehaviour.cpp
/Library/Developer/CommandLineTools/usr/bin/clang++ -c -pipe -stdlib=libc++ -g -std=gnu++11  -arch x86_64 -isysroot /Library/Developer/CommandLineTools/SDKs/MacOSX.sdk -mmacosx-version-min=10.13 -Wall -Wextra -fPIC -DQT_QML_DEBUG -I. -I../3rdparty -I../../../HAN/5.15.0/clang_64/mkspecs/macx-clang -o errorfanstate.o errorfanstate.cpp
/Library/Developer/CommandLineTools/usr/bin/clang++ -c -pipe -stdlib=libc++ -g -std=gnu++11  -arch x86_64 -isysroot /Library/Developer/CommandLineTools/SDKs/MacOSX.sdk -mmacosx-version-min=10.13 -Wall -Wextra -fPIC -DQT_QML_DEBUG -I. -I../3rdparty -I../../../HAN/5.15.0/clang_64/mkspecs/macx-clang -o fancontext.o fancontext.cpp
/Library/Developer/CommandLineTools/usr/bin/clang++ -c -pipe -stdlib=libc++ -g -std=gnu++11  -arch x86_64 -isysroot /Library/Developer/CommandLineTools/SDKs/MacOSX.sdk -mmacosx-version-min=10.13 -Wall -Wextra -fPIC -DQT_QML_DEBUG -I. -I../3rdparty -I../../../HAN/5.15.0/clang_64/mkspecs/macx-clang -o fanstate.o fanstate.cpp
/Library/Developer/CommandLineTools/usr/bin/clang++ -c -pipe -stdlib=libc++ -g -std=gnu++11  -arch x86_64 -isysroot /Library/Developer/CommandLineTools/SDKs/MacOSX.sdk -mmacosx-version-min=10.13 -Wall -Wextra -fPIC -DQT_QML_DEBUG -I. -I../3rdparty -I../../../HAN/5.15.0/clang_64/mkspecs/macx-clang -o idlefanstate.o idlefanstate.cpp
 
/Library/Developer/CommandLineTools/usr/bin/clang++ -c -pipe -stdlib=libc++ -g -std=gnu++11  -arch x86_64 -isysroot /Library/Developer/CommandLineTools/SDKs/MacOSX.sdk -mmacosx-version-min=10.13 -Wall -Wextra -fPIC -DQT_QML_DEBUG -I. -I../3rdparty -I../../../HAN/5.15.0/clang_64/mkspecs/macx-clang -o initfanstate.o initfanstate.cpp
/Library/Developer/CommandLineTools/usr/bin/clang++ -c -pipe -stdlib=libc++ -g -std=gnu++11  -arch x86_64 -isysroot /Library/Developer/CommandLineTools/SDKs/MacOSX.sdk -mmacosx-version-min=10.13 -Wall -Wextra -fPIC -DQT_QML_DEBUG -I. -I../3rdparty -I../../../HAN/5.15.0/clang_64/mkspecs/macx-clang -o logmanager.o logmanager.cpp
/Library/Developer/CommandLineTools/usr/bin/clang++ -c -pipe -stdlib=libc++ -g -std=gnu++11  -arch x86_64 -isysroot /Library/Developer/CommandLineTools/SDKs/MacOSX.sdk -mmacosx-version-min=10.13 -Wall -Wextra -fPIC -DQT_QML_DEBUG -I. -I../3rdparty -I../../../HAN/5.15.0/clang_64/mkspecs/macx-clang -o main.o main.cpp
/Library/Developer/CommandLineTools/usr/bin/clang++ -c -pipe -stdlib=libc++ -g -std=gnu++11  -arch x86_64 -isysroot /Library/Developer/CommandLineTools/SDKs/MacOSX.sdk -mmacosx-version-min=10.13 -Wall -Wextra -fPIC -DQT_QML_DEBUG -I. -I../3rdparty -I../../../HAN/5.15.0/clang_64/mkspecs/macx-clang -o relay.o relay.cpp
/Library/Developer/CommandLineTools/usr/bin/clang++ -c -pipe -stdlib=libc++ -g -std=gnu++11  -arch x86_64 -isysroot /Library/Developer/CommandLineTools/SDKs/MacOSX.sdk -mmacosx-version-min=10.13 -Wall -Wextra -fPIC -DQT_QML_DEBUG -I. -I../3rdparty -I../../../HAN/5.15.0/clang_64/mkspecs/macx-clang -o runfanstate.o runfanstate.cpp
/Library/Developer/CommandLineTools/usr/bin/clang++ -c -pipe -stdlib=libc++ -g -std=gnu++11  -arch x86_64 -isysroot /Library/Developer/CommandLineTools/SDKs/MacOSX.sdk -mmacosx-version-min=10.13 -Wall -Wextra -fPIC -DQT_QML_DEBUG -I. -I../3rdparty -I../../../HAN/5.15.0/clang_64/mkspecs/macx-clang -o sensebehaviour.o sensebehaviour.cpp
 
/Library/Developer/CommandLineTools/usr/bin/clang++ -c -pipe -stdlib=libc++ -g -std=gnu++11  -arch x86_64 -isysroot /Library/Developer/CommandLineTools/SDKs/MacOSX.sdk -mmacosx-version-min=10.13 -Wall -Wextra -fPIC -DQT_QML_DEBUG -I. -I../3rdparty -I../../../HAN/5.15.0/clang_64/mkspecs/macx-clang -o sensor.o sensor.cpp
/Library/Developer/CommandLineTools/usr/bin/clang++ -c -pipe -stdlib=libc++ -g -std=gnu++11  -arch x86_64 -isysroot /Library/Developer/CommandLineTools/SDKs/MacOSX.sdk -mmacosx-version-min=10.13 -Wall -Wextra -fPIC -DQT_QML_DEBUG -I. -I../3rdparty -I../../../HAN/5.15.0/clang_64/mkspecs/macx-clang -o keyboard.o ../display/keyboard.cpp
/Library/Developer/CommandLineTools/usr/bin/clang++ -c -pipe -stdlib=libc++ -g -std=gnu++11  -arch x86_64 -isysroot /Library/Developer/CommandLineTools/SDKs/MacOSX.sdk -mmacosx-version-min=10.13 -Wall -Wextra -fPIC -DQT_QML_DEBUG -I. -I../3rdparty -I../../../HAN/5.15.0/clang_64/mkspecs/macx-clang -o devconsole.o ../display/devconsole.cpp
/Library/Developer/CommandLineTools/usr/bin/clang++ -c -pipe -stdlib=libc++ -g -std=gnu++11  -arch x86_64 -isysroot /Library/Developer/CommandLineTools/SDKs/MacOSX.sdk -mmacosx-version-min=10.13 -Wall -Wextra -fPIC -DQT_QML_DEBUG -I. -I../3rdparty -I../../../HAN/5.15.0/clang_64/mkspecs/macx-clang -o timer.o timer.cpp
/Library/Developer/CommandLineTools/usr/bin/clang++ -stdlib=libc++ -headerpad_max_install_names  -arch x86_64 -isysroot /Library/Developer/CommandLineTools/SDKs/MacOSX.sdk -mmacosx-version-min=10.13 -Wl,-rpath,@executable_path/../Frameworks -o bathroomfan calcbehaviour.o errorfanstate.o fancontext.o fanstate.o idlefanstate.o initfanstate.o logmanager.o main.o relay.o runfanstate.o sensebehaviour.o sensor.o keyboard.o devconsole.o timer.o      
 
make: Leaving directory `/Volumes/compiled/SE-2/bathroom_fan/bathroomfan'
 
